{"uuid":"9f5258a6-c248-474f-880c-bc1ab4f7a1a2","historyId":"67ee7742b3ec7fdc5454decd0fc4444b","testCaseId":"[engine:junit-jupiter]/[class:com.lollipopautomation.PopupRegistrationTest]/[method:register()]","testCaseName":"register()","fullName":"com.lollipopautomation.PopupRegistrationTest.register","labels":[{"name":"junit.platform.uniqueid","value":"[engine:junit-jupiter]/[class:com.lollipopautomation.PopupRegistrationTest]/[method:register()]"},{"name":"host","value":"Kevins-MBP.attlocal.net"},{"name":"thread","value":"34705@Kevins-MBP.attlocal.net.main(1)"},{"name":"framework","value":"junit-platform"},{"name":"language","value":"java"},{"name":"package","value":"com.lollipopautomation.PopupRegistrationTest"},{"name":"testClass","value":"com.lollipopautomation.PopupRegistrationTest"},{"name":"testMethod","value":"register"},{"name":"suite","value":"com.lollipopautomation.PopupRegistrationTest"}],"links":[],"name":"register()","status":"failed","statusDetails":{"known":false,"muted":false,"flaky":false,"message":"Element not found {By.xpath: (//*[name()='div' and @id='socials'])/input[1]}\nExpected: exist\nScreenshot: file:/Users/kevinnguyen/Desktop/LollipopAutomation/build/reports/tests/1683938086158.0.png\nPage source: file:/Users/kevinnguyen/Desktop/LollipopAutomation/build/reports/tests/1683938086158.0.html\nTimeout: 4 s.\nCaused by: NoSuchElementException: no such element: Unable to locate element: {\"method\":\"xpath\",\"selector\":\"(//*[name()='div' and @id='socials'])/input[1]\"}","trace":"Element not found {By.xpath: (//*[name()='div' and @id='socials'])/input[1]}\nExpected: exist\nScreenshot: file:/Users/kevinnguyen/Desktop/LollipopAutomation/build/reports/tests/1683938086158.0.png\nPage source: file:/Users/kevinnguyen/Desktop/LollipopAutomation/build/reports/tests/1683938086158.0.html\nTimeout: 4 s.\nCaused by: NoSuchElementException: no such element: Unable to locate element: {\"method\":\"xpath\",\"selector\":\"(//*[name()='div' and @id='socials'])/input[1]\"}\n\tat com.codeborne.selenide.impl.WebElementSource.createElementNotFoundError(WebElementSource.java:88)\n\tat com.codeborne.selenide.impl.ElementFinder.createElementNotFoundError(ElementFinder.java:142)\n\tat com.codeborne.selenide.impl.ExceptionWrapper.wrap(ExceptionWrapper.java:32)\n\tat com.codeborne.selenide.impl.SelenideElementProxy.dispatchAndRetry(SelenideElementProxy.java:153)\n\tat com.codeborne.selenide.impl.SelenideElementProxy.invoke(SelenideElementProxy.java:83)\n\tat jdk.proxy2/jdk.proxy2.$Proxy10.sendKeys(Unknown Source)\n\tat com.lollipopautomation.PopupRegistrationTest.register(PopupRegistrationTest.java:72)\n\tat java.base/jdk.internal.reflect.DirectMethodHandleAccessor.invoke(DirectMethodHandleAccessor.java:104)\n\tat java.base/java.lang.reflect.Method.invoke(Method.java:577)\n\tat org.junit.platform.commons.util.ReflectionUtils.invokeMethod(ReflectionUtils.java:727)\n\tat org.junit.jupiter.engine.execution.MethodInvocation.proceed(MethodInvocation.java:60)\n\tat org.junit.jupiter.engine.execution.InvocationInterceptorChain$ValidatingInvocation.proceed(InvocationInterceptorChain.java:131)\n\tat org.junit.jupiter.engine.extension.TimeoutExtension.intercept(TimeoutExtension.java:156)\n\tat org.junit.jupiter.engine.extension.TimeoutExtension.interceptTestableMethod(TimeoutExtension.java:147)\n\tat org.junit.jupiter.engine.extension.TimeoutExtension.interceptTestMethod(TimeoutExtension.java:86)\n\tat org.junit.jupiter.engine.execution.InterceptingExecutableInvoker$ReflectiveInterceptorCall.lambda$ofVoidMethod$0(InterceptingExecutableInvoker.java:103)\n\tat org.junit.jupiter.engine.execution.InterceptingExecutableInvoker.lambda$invoke$0(InterceptingExecutableInvoker.java:93)\n\tat org.junit.jupiter.engine.execution.InvocationInterceptorChain$InterceptedInvocation.proceed(InvocationInterceptorChain.java:106)\n\tat org.junit.jupiter.engine.execution.InvocationInterceptorChain.proceed(InvocationInterceptorChain.java:64)\n\tat org.junit.jupiter.engine.execution.InvocationInterceptorChain.chainAndInvoke(InvocationInterceptorChain.java:45)\n\tat org.junit.jupiter.engine.execution.InvocationInterceptorChain.invoke(InvocationInterceptorChain.java:37)\n\tat org.junit.jupiter.engine.execution.InterceptingExecutableInvoker.invoke(InterceptingExecutableInvoker.java:92)\n\tat org.junit.jupiter.engine.execution.InterceptingExecutableInvoker.invoke(InterceptingExecutableInvoker.java:86)\n\tat org.junit.jupiter.engine.descriptor.TestMethodTestDescriptor.lambda$invokeTestMethod$7(TestMethodTestDescriptor.java:217)\n\tat org.junit.platform.engine.support.hierarchical.ThrowableCollector.execute(ThrowableCollector.java:73)\n\tat org.junit.jupiter.engine.descriptor.TestMethodTestDescriptor.invokeTestMethod(TestMethodTestDescriptor.java:213)\n\tat org.junit.jupiter.engine.descriptor.TestMethodTestDescriptor.execute(TestMethodTestDescriptor.java:138)\n\tat org.junit.jupiter.engine.descriptor.TestMethodTestDescriptor.execute(TestMethodTestDescriptor.java:68)\n\tat org.junit.platform.engine.support.hierarchical.NodeTestTask.lambda$executeRecursively$6(NodeTestTask.java:151)\n\tat org.junit.platform.engine.support.hierarchical.ThrowableCollector.execute(ThrowableCollector.java:73)\n\tat org.junit.platform.engine.support.hierarchical.NodeTestTask.lambda$executeRecursively$8(NodeTestTask.java:141)\n\tat org.junit.platform.engine.support.hierarchical.Node.around(Node.java:137)\n\tat org.junit.platform.engine.support.hierarchical.NodeTestTask.lambda$executeRecursively$9(NodeTestTask.java:139)\n\tat org.junit.platform.engine.support.hierarchical.ThrowableCollector.execute(ThrowableCollector.java:73)\n\tat org.junit.platform.engine.support.hierarchical.NodeTestTask.executeRecursively(NodeTestTask.java:138)\n\tat org.junit.platform.engine.support.hierarchical.NodeTestTask.execute(NodeTestTask.java:95)\n\tat java.base/java.util.ArrayList.forEach(ArrayList.java:1511)\n\tat org.junit.platform.engine.support.hierarchical.SameThreadHierarchicalTestExecutorService.invokeAll(SameThreadHierarchicalTestExecutorService.java:41)\n\tat org.junit.platform.engine.support.hierarchical.NodeTestTask.lambda$executeRecursively$6(NodeTestTask.java:155)\n\tat org.junit.platform.engine.support.hierarchical.ThrowableCollector.execute(ThrowableCollector.java:73)\n\tat org.junit.platform.engine.support.hierarchical.NodeTestTask.lambda$executeRecursively$8(NodeTestTask.java:141)\n\tat org.junit.platform.engine.support.hierarchical.Node.around(Node.java:137)\n\tat org.junit.platform.engine.support.hierarchical.NodeTestTask.lambda$executeRecursively$9(NodeTestTask.java:139)\n\tat org.junit.platform.engine.support.hierarchical.ThrowableCollector.execute(ThrowableCollector.java:73)\n\tat org.junit.platform.engine.support.hierarchical.NodeTestTask.executeRecursively(NodeTestTask.java:138)\n\tat org.junit.platform.engine.support.hierarchical.NodeTestTask.execute(NodeTestTask.java:95)\n\tat java.base/java.util.ArrayList.forEach(ArrayList.java:1511)\n\tat org.junit.platform.engine.support.hierarchical.SameThreadHierarchicalTestExecutorService.invokeAll(SameThreadHierarchicalTestExecutorService.java:41)\n\tat org.junit.platform.engine.support.hierarchical.NodeTestTask.lambda$executeRecursively$6(NodeTestTask.java:155)\n\tat org.junit.platform.engine.support.hierarchical.ThrowableCollector.execute(ThrowableCollector.java:73)\n\tat org.junit.platform.engine.support.hierarchical.NodeTestTask.lambda$executeRecursively$8(NodeTestTask.java:141)\n\tat org.junit.platform.engine.support.hierarchical.Node.around(Node.java:137)\n\tat org.junit.platform.engine.support.hierarchical.NodeTestTask.lambda$executeRecursively$9(NodeTestTask.java:139)\n\tat org.junit.platform.engine.support.hierarchical.ThrowableCollector.execute(ThrowableCollector.java:73)\n\tat org.junit.platform.engine.support.hierarchical.NodeTestTask.executeRecursively(NodeTestTask.java:138)\n\tat org.junit.platform.engine.support.hierarchical.NodeTestTask.execute(NodeTestTask.java:95)\n\tat org.junit.platform.engine.support.hierarchical.SameThreadHierarchicalTestExecutorService.submit(SameThreadHierarchicalTestExecutorService.java:35)\n\tat org.junit.platform.engine.support.hierarchical.HierarchicalTestExecutor.execute(HierarchicalTestExecutor.java:57)\n\tat org.junit.platform.engine.support.hierarchical.HierarchicalTestEngine.execute(HierarchicalTestEngine.java:54)\n\tat org.junit.platform.launcher.core.EngineExecutionOrchestrator.execute(EngineExecutionOrchestrator.java:107)\n\tat org.junit.platform.launcher.core.EngineExecutionOrchestrator.execute(EngineExecutionOrchestrator.java:88)\n\tat org.junit.platform.launcher.core.EngineExecutionOrchestrator.lambda$execute$0(EngineExecutionOrchestrator.java:54)\n\tat org.junit.platform.launcher.core.EngineExecutionOrchestrator.withInterceptedStreams(EngineExecutionOrchestrator.java:67)\n\tat org.junit.platform.launcher.core.EngineExecutionOrchestrator.execute(EngineExecutionOrchestrator.java:52)\n\tat org.junit.platform.launcher.core.DefaultLauncher.execute(DefaultLauncher.java:114)\n\tat org.junit.platform.launcher.core.DefaultLauncher.execute(DefaultLauncher.java:86)\n\tat org.junit.platform.launcher.core.DefaultLauncherSession$DelegatingLauncher.execute(DefaultLauncherSession.java:86)\n\tat org.junit.platform.launcher.core.SessionPerRequestLauncher.execute(SessionPerRequestLauncher.java:53)\n\tat com.intellij.junit5.JUnit5IdeaTestRunner.startRunnerWithArgs(JUnit5IdeaTestRunner.java:57)\n\tat com.intellij.rt.junit.IdeaTestRunner$Repeater$1.execute(IdeaTestRunner.java:38)\n\tat com.intellij.rt.execution.junit.TestsRepeater.repeat(TestsRepeater.java:11)\n\tat com.intellij.rt.junit.IdeaTestRunner$Repeater.startRunnerWithArgs(IdeaTestRunner.java:35)\n\tat com.intellij.rt.junit.JUnitStarter.prepareStreamsAndStart(JUnitStarter.java:232)\n\tat com.intellij.rt.junit.JUnitStarter.main(JUnitStarter.java:55)\nCaused by: org.openqa.selenium.NoSuchElementException: no such element: Unable to locate element: {\"method\":\"xpath\",\"selector\":\"(//*[name()='div' and @id='socials'])/input[1]\"}\n  (Session info: chrome=113.0.5672.92)\nFor documentation on this error, please visit: https://selenium.dev/exceptions/#no_such_element\nBuild info: version: '4.7.2', revision: '4d4020c3b7'\nSystem info: os.name: 'Mac OS X', os.arch: 'x86_64', os.version: '11.3.1', java.version: '18.0.1.1'\nDriver info: org.openqa.selenium.chrome.ChromeDriver\nCommand: [9b4bdd8dc4e8862b5ebcf9510ea3f0b7, findElement {using=xpath, value=(//*[name()='div' and @id='socials'])/input[1]}]\nCapabilities {acceptInsecureCerts: true, browserName: chrome, browserVersion: 113.0.5672.92, chrome: {chromedriverVersion: 113.0.5672.63 (0e1a4471d5ae..., userDataDir: /var/folders/78/_gc4yp555gd...}, goog:chromeOptions: {debuggerAddress: localhost:57177}, networkConnectionEnabled: false, pageLoadStrategy: normal, platformName: MAC, proxy: Proxy(), se:cdp: ws://localhost:57177/devtoo..., se:cdpVersion: 113.0.5672.92, setWindowRect: true, strictFileInteractability: false, timeouts: {implicit: 0, pageLoad: 300000, script: 30000}, unhandledPromptBehavior: accept, webauthn:extension:credBlob: true, webauthn:extension:largeBlob: true, webauthn:extension:minPinLength: true, webauthn:extension:prf: true, webauthn:virtualAuthenticators: true}\nSession ID: 9b4bdd8dc4e8862b5ebcf9510ea3f0b7\n\tat java.base/jdk.internal.reflect.DirectConstructorHandleAccessor.newInstance(DirectConstructorHandleAccessor.java:67)\n\tat java.base/java.lang.reflect.Constructor.newInstanceWithCaller(Constructor.java:499)\n\tat java.base/java.lang.reflect.Constructor.newInstance(Constructor.java:483)\n\tat org.openqa.selenium.remote.codec.w3c.W3CHttpResponseCodec.createException(W3CHttpResponseCodec.java:200)\n\tat org.openqa.selenium.remote.codec.w3c.W3CHttpResponseCodec.decode(W3CHttpResponseCodec.java:133)\n\tat org.openqa.selenium.remote.codec.w3c.W3CHttpResponseCodec.decode(W3CHttpResponseCodec.java:53)\n\tat org.openqa.selenium.remote.HttpCommandExecutor.execute(HttpCommandExecutor.java:184)\n\tat org.openqa.selenium.remote.service.DriverCommandExecutor.invokeExecute(DriverCommandExecutor.java:167)\n\tat org.openqa.selenium.remote.service.DriverCommandExecutor.execute(DriverCommandExecutor.java:142)\n\tat org.openqa.selenium.remote.RemoteWebDriver.execute(RemoteWebDriver.java:535)\n\tat org.openqa.selenium.remote.ElementLocation$ElementFinder$2.findElement(ElementLocation.java:162)\n\tat org.openqa.selenium.remote.ElementLocation.findElement(ElementLocation.java:60)\n\tat org.openqa.selenium.remote.RemoteWebDriver.findElement(RemoteWebDriver.java:351)\n\tat org.openqa.selenium.remote.RemoteWebDriver.findElement(RemoteWebDriver.java:343)\n\tat com.codeborne.selenide.impl.WebElementSelector.findElement(WebElementSelector.java:70)\n\tat com.codeborne.selenide.impl.WebElementSelector.findElement(WebElementSelector.java:44)\n\tat com.codeborne.selenide.impl.WebElementSelector.findElement(WebElementSelector.java:33)\n\tat com.codeborne.selenide.impl.ElementFinder.getWebElement(ElementFinder.java:122)\n\tat com.codeborne.selenide.impl.SelenideElementProxy.dispatchAndRetry(SelenideElementProxy.java:134)\n\t... 70 more\n"},"stage":"finished","description":"","steps":[{"name":"$(\"open\") http://127.0.0.1:3000","status":"passed","stage":"finished","steps":[{"name":"$(\"webdriver\") create()","status":"passed","stage":"finished","steps":[],"attachments":[],"parameters":[],"start":1683938046019,"stop":1683938055619}],"attachments":[],"parameters":[],"start":1683938046009,"stop":1683938061415},{"name":"$(\"By.xpath: //*[name()='button' and text()='Register']\") click()","status":"passed","stage":"finished","steps":[],"attachments":[],"parameters":[],"start":1683938066433,"stop":1683938066961},{"name":"$(\"By.xpath: //*[name()='input' and @id='fullname']\") clear()","status":"passed","stage":"finished","steps":[],"attachments":[],"parameters":[],"start":1683938067466,"stop":1683938067582},{"name":"$(\"By.xpath: //*[name()='input' and @id='fullname']\") click()","status":"passed","stage":"finished","steps":[],"attachments":[],"parameters":[],"start":1683938067582,"stop":1683938067769},{"name":"$(\"By.xpath: //*[name()='input' and @id='fullname']\") send keys(Poppy Test)","status":"passed","stage":"finished","steps":[],"attachments":[],"parameters":[],"start":1683938068273,"stop":1683938068450},{"name":"$(\"By.xpath: //*[name()='input' and @id='busname']\") send keys(Pop Car Store)","status":"passed","stage":"finished","steps":[],"attachments":[],"parameters":[],"start":1683938068954,"stop":1683938069190},{"name":"$(\"By.xpath: //*[name()='input' and @id='email']\") send keys(pop@cars.com)","status":"passed","stage":"finished","steps":[],"attachments":[],"parameters":[],"start":1683938069696,"stop":1683938069897},{"name":"$(\"By.xpath: //*[name()='input' and @id='pwd']\") send keys(Popup123!)","status":"passed","stage":"finished","steps":[],"attachments":[],"parameters":[],"start":1683938070402,"stop":1683938070623},{"name":"$(\"By.xpath:  //*[name()='input' and @id='confirm-pwd']\") send keys(Popup123!)","status":"passed","stage":"finished","steps":[],"attachments":[],"parameters":[],"start":1683938071128,"stop":1683938071249},{"name":"$(\"By.xpath: (//*[contains(@class,'MuiButtonBase')])[1]\") click()","status":"passed","stage":"finished","steps":[],"attachments":[],"parameters":[],"start":1683938071753,"stop":1683938071925},{"name":"$(\"By.xpath: //*[name()='button' and text()='Sign Up']\") click()","status":"passed","stage":"finished","steps":[],"attachments":[],"parameters":[],"start":1683938074929,"stop":1683938075062},{"name":"$(\"By.xpath: //*[name()='input' and @placeholder='Business Name']\") send keys(Pop Car Store)","status":"passed","stage":"finished","steps":[],"attachments":[],"parameters":[],"start":1683938075062,"stop":1683938077913},{"name":"$(\"By.xpath: //*[name()='select' and @id='ambience']\") get tag name()","status":"passed","stage":"finished","steps":[],"attachments":[],"parameters":[],"start":1683938077927,"stop":1683938077961},{"name":"$(\"By.xpath: //*[name()='select' and @id='ambience']\") get dom attribute(multiple)","status":"passed","stage":"finished","steps":[],"attachments":[],"parameters":[],"start":1683938077961,"stop":1683938077981},{"name":"$(\"By.xpath: //*[name()='select' and @id='ambience']\") is enabled()","status":"passed","stage":"finished","steps":[],"attachments":[],"parameters":[],"start":1683938077981,"stop":1683938078009},{"name":"$(\"By.xpath: //*[name()='select' and @id='ambience']\") find elements(By.xpath: .//option[@value = \"Casual\"])","status":"passed","stage":"finished","steps":[],"attachments":[],"parameters":[],"start":1683938078010,"stop":1683938078051},{"name":"$(\"By.xpath: //*[name()='select' and @id='busProducts']\") get tag name()","status":"passed","stage":"finished","steps":[],"attachments":[],"parameters":[],"start":1683938078666,"stop":1683938078691},{"name":"$(\"By.xpath: //*[name()='select' and @id='busProducts']\") get dom attribute(multiple)","status":"passed","stage":"finished","steps":[],"attachments":[],"parameters":[],"start":1683938078691,"stop":1683938078708},{"name":"$(\"By.xpath: //*[name()='select' and @id='busProducts']\") is enabled()","status":"passed","stage":"finished","steps":[],"attachments":[],"parameters":[],"start":1683938078709,"stop":1683938078736},{"name":"$(\"By.xpath: //*[name()='select' and @id='busProducts']\") find elements(By.xpath: .//option[@value = \"Recreational equipment\"])","status":"passed","stage":"finished","steps":[],"attachments":[],"parameters":[],"start":1683938078736,"stop":1683938078763},{"name":"$(\"By.xpath: //*[name()='select' and @id='size']\") get tag name()","status":"passed","stage":"finished","steps":[],"attachments":[],"parameters":[],"start":1683938079322,"stop":1683938079346},{"name":"$(\"By.xpath: //*[name()='select' and @id='size']\") get dom attribute(multiple)","status":"passed","stage":"finished","steps":[],"attachments":[],"parameters":[],"start":1683938079346,"stop":1683938079362},{"name":"$(\"By.xpath: //*[name()='select' and @id='size']\") is enabled()","status":"passed","stage":"finished","steps":[],"attachments":[],"parameters":[],"start":1683938079362,"stop":1683938079388},{"name":"$(\"By.xpath: //*[name()='select' and @id='size']\") find elements(By.tagName: option)","status":"passed","stage":"finished","steps":[],"attachments":[],"parameters":[],"start":1683938079389,"stop":1683938079412},{"name":"$(\"By.xpath: //*[name()='select' and @id='duration']\") get tag name()","status":"passed","stage":"finished","steps":[],"attachments":[],"parameters":[],"start":1683938079988,"stop":1683938080012},{"name":"$(\"By.xpath: //*[name()='select' and @id='duration']\") get dom attribute(multiple)","status":"passed","stage":"finished","steps":[],"attachments":[],"parameters":[],"start":1683938080012,"stop":1683938080029},{"name":"$(\"By.xpath: //*[name()='select' and @id='duration']\") is enabled()","status":"passed","stage":"finished","steps":[],"attachments":[],"parameters":[],"start":1683938080029,"stop":1683938080051},{"name":"$(\"By.xpath: //*[name()='select' and @id='duration']\") find elements(By.tagName: option)","status":"passed","stage":"finished","steps":[],"attachments":[],"parameters":[],"start":1683938080051,"stop":1683938080071},{"name":"$(\"By.xpath: //*[name()='select' and @id='timeframe']\") get tag name()","status":"passed","stage":"finished","steps":[],"attachments":[],"parameters":[],"start":1683938080652,"stop":1683938080691},{"name":"$(\"By.xpath: //*[name()='select' and @id='timeframe']\") get dom attribute(multiple)","status":"passed","stage":"finished","steps":[],"attachments":[],"parameters":[],"start":1683938080691,"stop":1683938080717},{"name":"$(\"By.xpath: //*[name()='select' and @id='timeframe']\") is enabled()","status":"passed","stage":"finished","steps":[],"attachments":[],"parameters":[],"start":1683938080718,"stop":1683938080745},{"name":"$(\"By.xpath: //*[name()='select' and @id='timeframe']\") find elements(By.tagName: option)","status":"passed","stage":"finished","steps":[],"attachments":[],"parameters":[],"start":1683938080745,"stop":1683938080772},{"name":"$(\"By.xpath: //*[@value='yes']\") click()","status":"passed","stage":"finished","steps":[],"attachments":[],"parameters":[],"start":1683938081359,"stop":1683938081461},{"name":"$(\"By.xpath: (//*[name()='div' and @id='socials'])/input[1]\") send keys(@popcarstore)","status":"failed","statusDetails":{"known":false,"muted":false,"flaky":false,"message":"Element not found {By.xpath: (//*[name()='div' and @id='socials'])/input[1]}\nExpected: exist\nScreenshot: file:/Users/kevinnguyen/Desktop/LollipopAutomation/build/reports/tests/1683938086158.0.png\nPage source: file:/Users/kevinnguyen/Desktop/LollipopAutomation/build/reports/tests/1683938086158.0.html\nTimeout: 4 s.\nCaused by: NoSuchElementException: no such element: Unable to locate element: {\"method\":\"xpath\",\"selector\":\"(//*[name()='div' and @id='socials'])/input[1]\"}","trace":"Element not found {By.xpath: (//*[name()='div' and @id='socials'])/input[1]}\nExpected: exist\nScreenshot: file:/Users/kevinnguyen/Desktop/LollipopAutomation/build/reports/tests/1683938086158.0.png\nPage source: file:/Users/kevinnguyen/Desktop/LollipopAutomation/build/reports/tests/1683938086158.0.html\nTimeout: 4 s.\nCaused by: NoSuchElementException: no such element: Unable to locate element: {\"method\":\"xpath\",\"selector\":\"(//*[name()='div' and @id='socials'])/input[1]\"}\n\tat com.codeborne.selenide.impl.WebElementSource.createElementNotFoundError(WebElementSource.java:88)\n\tat com.codeborne.selenide.impl.ElementFinder.createElementNotFoundError(ElementFinder.java:142)\n\tat com.codeborne.selenide.impl.ExceptionWrapper.wrap(ExceptionWrapper.java:32)\n\tat com.codeborne.selenide.impl.SelenideElementProxy.dispatchAndRetry(SelenideElementProxy.java:153)\n\tat com.codeborne.selenide.impl.SelenideElementProxy.invoke(SelenideElementProxy.java:83)\n\tat jdk.proxy2/jdk.proxy2.$Proxy10.sendKeys(Unknown Source)\n\tat com.lollipopautomation.PopupRegistrationTest.register(PopupRegistrationTest.java:72)\n\tat java.base/jdk.internal.reflect.DirectMethodHandleAccessor.invoke(DirectMethodHandleAccessor.java:104)\n\tat java.base/java.lang.reflect.Method.invoke(Method.java:577)\n\tat org.junit.platform.commons.util.ReflectionUtils.invokeMethod(ReflectionUtils.java:727)\n\tat org.junit.jupiter.engine.execution.MethodInvocation.proceed(MethodInvocation.java:60)\n\tat org.junit.jupiter.engine.execution.InvocationInterceptorChain$ValidatingInvocation.proceed(InvocationInterceptorChain.java:131)\n\tat org.junit.jupiter.engine.extension.TimeoutExtension.intercept(TimeoutExtension.java:156)\n\tat org.junit.jupiter.engine.extension.TimeoutExtension.interceptTestableMethod(TimeoutExtension.java:147)\n\tat org.junit.jupiter.engine.extension.TimeoutExtension.interceptTestMethod(TimeoutExtension.java:86)\n\tat org.junit.jupiter.engine.execution.InterceptingExecutableInvoker$ReflectiveInterceptorCall.lambda$ofVoidMethod$0(InterceptingExecutableInvoker.java:103)\n\tat org.junit.jupiter.engine.execution.InterceptingExecutableInvoker.lambda$invoke$0(InterceptingExecutableInvoker.java:93)\n\tat org.junit.jupiter.engine.execution.InvocationInterceptorChain$InterceptedInvocation.proceed(InvocationInterceptorChain.java:106)\n\tat org.junit.jupiter.engine.execution.InvocationInterceptorChain.proceed(InvocationInterceptorChain.java:64)\n\tat org.junit.jupiter.engine.execution.InvocationInterceptorChain.chainAndInvoke(InvocationInterceptorChain.java:45)\n\tat org.junit.jupiter.engine.execution.InvocationInterceptorChain.invoke(InvocationInterceptorChain.java:37)\n\tat org.junit.jupiter.engine.execution.InterceptingExecutableInvoker.invoke(InterceptingExecutableInvoker.java:92)\n\tat org.junit.jupiter.engine.execution.InterceptingExecutableInvoker.invoke(InterceptingExecutableInvoker.java:86)\n\tat org.junit.jupiter.engine.descriptor.TestMethodTestDescriptor.lambda$invokeTestMethod$7(TestMethodTestDescriptor.java:217)\n\tat org.junit.platform.engine.support.hierarchical.ThrowableCollector.execute(ThrowableCollector.java:73)\n\tat org.junit.jupiter.engine.descriptor.TestMethodTestDescriptor.invokeTestMethod(TestMethodTestDescriptor.java:213)\n\tat org.junit.jupiter.engine.descriptor.TestMethodTestDescriptor.execute(TestMethodTestDescriptor.java:138)\n\tat org.junit.jupiter.engine.descriptor.TestMethodTestDescriptor.execute(TestMethodTestDescriptor.java:68)\n\tat org.junit.platform.engine.support.hierarchical.NodeTestTask.lambda$executeRecursively$6(NodeTestTask.java:151)\n\tat org.junit.platform.engine.support.hierarchical.ThrowableCollector.execute(ThrowableCollector.java:73)\n\tat org.junit.platform.engine.support.hierarchical.NodeTestTask.lambda$executeRecursively$8(NodeTestTask.java:141)\n\tat org.junit.platform.engine.support.hierarchical.Node.around(Node.java:137)\n\tat org.junit.platform.engine.support.hierarchical.NodeTestTask.lambda$executeRecursively$9(NodeTestTask.java:139)\n\tat org.junit.platform.engine.support.hierarchical.ThrowableCollector.execute(ThrowableCollector.java:73)\n\tat org.junit.platform.engine.support.hierarchical.NodeTestTask.executeRecursively(NodeTestTask.java:138)\n\tat org.junit.platform.engine.support.hierarchical.NodeTestTask.execute(NodeTestTask.java:95)\n\tat java.base/java.util.ArrayList.forEach(ArrayList.java:1511)\n\tat org.junit.platform.engine.support.hierarchical.SameThreadHierarchicalTestExecutorService.invokeAll(SameThreadHierarchicalTestExecutorService.java:41)\n\tat org.junit.platform.engine.support.hierarchical.NodeTestTask.lambda$executeRecursively$6(NodeTestTask.java:155)\n\tat org.junit.platform.engine.support.hierarchical.ThrowableCollector.execute(ThrowableCollector.java:73)\n\tat org.junit.platform.engine.support.hierarchical.NodeTestTask.lambda$executeRecursively$8(NodeTestTask.java:141)\n\tat org.junit.platform.engine.support.hierarchical.Node.around(Node.java:137)\n\tat org.junit.platform.engine.support.hierarchical.NodeTestTask.lambda$executeRecursively$9(NodeTestTask.java:139)\n\tat org.junit.platform.engine.support.hierarchical.ThrowableCollector.execute(ThrowableCollector.java:73)\n\tat org.junit.platform.engine.support.hierarchical.NodeTestTask.executeRecursively(NodeTestTask.java:138)\n\tat org.junit.platform.engine.support.hierarchical.NodeTestTask.execute(NodeTestTask.java:95)\n\tat java.base/java.util.ArrayList.forEach(ArrayList.java:1511)\n\tat org.junit.platform.engine.support.hierarchical.SameThreadHierarchicalTestExecutorService.invokeAll(SameThreadHierarchicalTestExecutorService.java:41)\n\tat org.junit.platform.engine.support.hierarchical.NodeTestTask.lambda$executeRecursively$6(NodeTestTask.java:155)\n\tat org.junit.platform.engine.support.hierarchical.ThrowableCollector.execute(ThrowableCollector.java:73)\n\tat org.junit.platform.engine.support.hierarchical.NodeTestTask.lambda$executeRecursively$8(NodeTestTask.java:141)\n\tat org.junit.platform.engine.support.hierarchical.Node.around(Node.java:137)\n\tat org.junit.platform.engine.support.hierarchical.NodeTestTask.lambda$executeRecursively$9(NodeTestTask.java:139)\n\tat org.junit.platform.engine.support.hierarchical.ThrowableCollector.execute(ThrowableCollector.java:73)\n\tat org.junit.platform.engine.support.hierarchical.NodeTestTask.executeRecursively(NodeTestTask.java:138)\n\tat org.junit.platform.engine.support.hierarchical.NodeTestTask.execute(NodeTestTask.java:95)\n\tat org.junit.platform.engine.support.hierarchical.SameThreadHierarchicalTestExecutorService.submit(SameThreadHierarchicalTestExecutorService.java:35)\n\tat org.junit.platform.engine.support.hierarchical.HierarchicalTestExecutor.execute(HierarchicalTestExecutor.java:57)\n\tat org.junit.platform.engine.support.hierarchical.HierarchicalTestEngine.execute(HierarchicalTestEngine.java:54)\n\tat org.junit.platform.launcher.core.EngineExecutionOrchestrator.execute(EngineExecutionOrchestrator.java:107)\n\tat org.junit.platform.launcher.core.EngineExecutionOrchestrator.execute(EngineExecutionOrchestrator.java:88)\n\tat org.junit.platform.launcher.core.EngineExecutionOrchestrator.lambda$execute$0(EngineExecutionOrchestrator.java:54)\n\tat org.junit.platform.launcher.core.EngineExecutionOrchestrator.withInterceptedStreams(EngineExecutionOrchestrator.java:67)\n\tat org.junit.platform.launcher.core.EngineExecutionOrchestrator.execute(EngineExecutionOrchestrator.java:52)\n\tat org.junit.platform.launcher.core.DefaultLauncher.execute(DefaultLauncher.java:114)\n\tat org.junit.platform.launcher.core.DefaultLauncher.execute(DefaultLauncher.java:86)\n\tat org.junit.platform.launcher.core.DefaultLauncherSession$DelegatingLauncher.execute(DefaultLauncherSession.java:86)\n\tat org.junit.platform.launcher.core.SessionPerRequestLauncher.execute(SessionPerRequestLauncher.java:53)\n\tat com.intellij.junit5.JUnit5IdeaTestRunner.startRunnerWithArgs(JUnit5IdeaTestRunner.java:57)\n\tat com.intellij.rt.junit.IdeaTestRunner$Repeater$1.execute(IdeaTestRunner.java:38)\n\tat com.intellij.rt.execution.junit.TestsRepeater.repeat(TestsRepeater.java:11)\n\tat com.intellij.rt.junit.IdeaTestRunner$Repeater.startRunnerWithArgs(IdeaTestRunner.java:35)\n\tat com.intellij.rt.junit.JUnitStarter.prepareStreamsAndStart(JUnitStarter.java:232)\n\tat com.intellij.rt.junit.JUnitStarter.main(JUnitStarter.java:55)\nCaused by: org.openqa.selenium.NoSuchElementException: no such element: Unable to locate element: {\"method\":\"xpath\",\"selector\":\"(//*[name()='div' and @id='socials'])/input[1]\"}\n  (Session info: chrome=113.0.5672.92)\nFor documentation on this error, please visit: https://selenium.dev/exceptions/#no_such_element\nBuild info: version: '4.7.2', revision: '4d4020c3b7'\nSystem info: os.name: 'Mac OS X', os.arch: 'x86_64', os.version: '11.3.1', java.version: '18.0.1.1'\nDriver info: org.openqa.selenium.chrome.ChromeDriver\nCommand: [9b4bdd8dc4e8862b5ebcf9510ea3f0b7, findElement {using=xpath, value=(//*[name()='div' and @id='socials'])/input[1]}]\nCapabilities {acceptInsecureCerts: true, browserName: chrome, browserVersion: 113.0.5672.92, chrome: {chromedriverVersion: 113.0.5672.63 (0e1a4471d5ae..., userDataDir: /var/folders/78/_gc4yp555gd...}, goog:chromeOptions: {debuggerAddress: localhost:57177}, networkConnectionEnabled: false, pageLoadStrategy: normal, platformName: MAC, proxy: Proxy(), se:cdp: ws://localhost:57177/devtoo..., se:cdpVersion: 113.0.5672.92, setWindowRect: true, strictFileInteractability: false, timeouts: {implicit: 0, pageLoad: 300000, script: 30000}, unhandledPromptBehavior: accept, webauthn:extension:credBlob: true, webauthn:extension:largeBlob: true, webauthn:extension:minPinLength: true, webauthn:extension:prf: true, webauthn:virtualAuthenticators: true}\nSession ID: 9b4bdd8dc4e8862b5ebcf9510ea3f0b7\n\tat java.base/jdk.internal.reflect.DirectConstructorHandleAccessor.newInstance(DirectConstructorHandleAccessor.java:67)\n\tat java.base/java.lang.reflect.Constructor.newInstanceWithCaller(Constructor.java:499)\n\tat java.base/java.lang.reflect.Constructor.newInstance(Constructor.java:483)\n\tat org.openqa.selenium.remote.codec.w3c.W3CHttpResponseCodec.createException(W3CHttpResponseCodec.java:200)\n\tat org.openqa.selenium.remote.codec.w3c.W3CHttpResponseCodec.decode(W3CHttpResponseCodec.java:133)\n\tat org.openqa.selenium.remote.codec.w3c.W3CHttpResponseCodec.decode(W3CHttpResponseCodec.java:53)\n\tat org.openqa.selenium.remote.HttpCommandExecutor.execute(HttpCommandExecutor.java:184)\n\tat org.openqa.selenium.remote.service.DriverCommandExecutor.invokeExecute(DriverCommandExecutor.java:167)\n\tat org.openqa.selenium.remote.service.DriverCommandExecutor.execute(DriverCommandExecutor.java:142)\n\tat org.openqa.selenium.remote.RemoteWebDriver.execute(RemoteWebDriver.java:535)\n\tat org.openqa.selenium.remote.ElementLocation$ElementFinder$2.findElement(ElementLocation.java:162)\n\tat org.openqa.selenium.remote.ElementLocation.findElement(ElementLocation.java:60)\n\tat org.openqa.selenium.remote.RemoteWebDriver.findElement(RemoteWebDriver.java:351)\n\tat org.openqa.selenium.remote.RemoteWebDriver.findElement(RemoteWebDriver.java:343)\n\tat com.codeborne.selenide.impl.WebElementSelector.findElement(WebElementSelector.java:70)\n\tat com.codeborne.selenide.impl.WebElementSelector.findElement(WebElementSelector.java:44)\n\tat com.codeborne.selenide.impl.WebElementSelector.findElement(WebElementSelector.java:33)\n\tat com.codeborne.selenide.impl.ElementFinder.getWebElement(ElementFinder.java:122)\n\tat com.codeborne.selenide.impl.SelenideElementProxy.dispatchAndRetry(SelenideElementProxy.java:134)\n\t... 70 more\n"},"stage":"finished","steps":[],"attachments":[{"name":"Screenshot","source":"5c6b185d-a822-4da3-9015-efe0eddd2a62-attachment.png","type":"image/png"},{"name":"Page source","source":"8789b5d0-1b00-4122-8f78-b9487a58e2f6-attachment.html","type":"text/html"}],"parameters":[],"start":1683938081966,"stop":1683938087400}],"attachments":[],"parameters":[],"start":1683938045988,"stop":1683938088045}